Content-Type: multipart/alternative;
 boundary="===============9115962562581620166=="
MIME-Version: 1.0
Subject: Restore password
From: test@example.com
To: rohits8853@gmail.com
Date: Tue, 11 Jan 2022 21:18:56 -0000
Message-ID: <164193593613.10416.15034330901787848485@Rohits-MacBook-Air.local>

--===============9115962562581620166==
Content-Type: text/plain; charset="utf-8"
MIME-Version: 1.0
Content-Transfer-Encoding: 7bit



You received this email because you requested a password reset for your user account.

Please, go to the following page and choose a new password:

http://127.0.0.1:8000/accounts/restore/NA/5xc-6eb5df25ff35b5aecfb6/

--===============9115962562581620166==
Content-Type: text/html; charset="utf-8"
MIME-Version: 1.0
Content-Transfer-Encoding: 7bit



<!DOCTYPE html PUBLIC "-//W3C//DTD XHTML 1.0 Transitional//EN"
        "http://www.w3.org/TR/xhtml1/DTD/xhtml1-transitional.dtd">
<html xmlns="http://www.w3.org/1999/xhtml">
<head>
    <meta http-equiv="Content-Type" content="text/html; charset=UTF-8"/>
    <title>Restore password</title>
    <meta name="viewport" content="width=device-width, initial-scale=1.0"/>
</head>

<body>

<p>
    You received this email because you requested a password reset for your user account.
</p>

<p>
    Please, go to the following page and choose a new password:
</p>

<p>
    <a href="http://127.0.0.1:8000/accounts/restore/NA/5xc-6eb5df25ff35b5aecfb6/">http://127.0.0.1:8000/accounts/restore/NA/5xc-6eb5df25ff35b5aecfb6/</a>
</p>

</body>

</html>

--===============9115962562581620166==--

-------------------------------------------------------------------------------
